<?xml version="1.0" encoding="UTF-8"?>
<!-- Generated by org.testng.reporters.JUnitReportReporter -->
<testsuite hostname="Asmaa" failures="0" tests="3" name="tests.searchTest" time="11.372" errors="0" timestamp="2021-12-26T22:37:39 EET" skipped="0">
  <testcase classname="tests.searchTest" name="navigteToGoogle" time="3.655"/>
  <system-out/>
  <testcase classname="tests.searchTest" name="GoogleSearch" time="7.717"/>
  <system-out/>
  <testcase classname="tests.searchTest" name="validateResults" time="0.000"/>
  <system-out/>
</testsuite> <!-- tests.searchTest -->
