<?xml version="1.0" encoding="UTF-8"?>
<!-- Generated by org.testng.reporters.JUnitReportReporter -->
<testsuite hostname="Asmaa" failures="0" tests="1" name="extentReporter.ExtentReporterFile" time="0.454" errors="0" timestamp="2021-12-26T02:02:58 EET" skipped="0">
  <testcase classname="extentReporter.ExtentReporterFile" name="extentTest" time="0.454"/>
  <system-out/>
</testsuite> <!-- extentReporter.ExtentReporterFile -->
