<?xml version="1.0" encoding="UTF-8"?>
<!-- Generated by org.testng.reporters.JUnitReportReporter -->
<testsuite hostname="Asmaa" failures="0" tests="1" name="tests.ScreenShoots" time="2.802" errors="0" timestamp="2021-12-26T04:25:30 EET" skipped="0">
  <testcase classname="tests.ScreenShoots" name="attachScreenShootTest" time="2.802"/>
  <system-out/>
</testsuite> <!-- tests.ScreenShoots -->
